
{
    "level": "info",
    "message": "Server running on port 3000",
    "timestamp": "2025-05-12 13:28:11"
}

{
    "level": "info",
    "message": "Server running on port 3000",
    "timestamp": "2025-05-12 13:30:12"
}

{
    "level": "info",
    "message": "Server running on port 3000",
    "timestamp": "2025-05-12 13:40:51"
}

{
    "level": "info",
    "message": "Server running on port 3000",
    "timestamp": "2025-05-12 14:12:39"
}

{
    "level": "info",
    "message": "Server running on port 3000",
    "timestamp": "2025-05-12 21:17:12"
}

{
    "level": "info",
    "message": "Server running on port 3000",
    "timestamp": "2025-05-12 21:18:05"
}

{
    "level": "info",
    "message": "Server running on port 3000",
    "timestamp": "2025-05-12 21:18:42"
}

{
    "errorLabelSet": {},
    "level": "error",
    "message": "MongoDB connection error: connect ECONNREFUSED ::1:27017, connect ECONNREFUSED 127.0.0.1:27017",
    "reason": {
        "commonWireVersion": 0,
        "compatible": true,
        "heartbeatFrequencyMS": 10000,
        "localThresholdMS": 15,
        "logicalSessionTimeoutMinutes": null,
        "maxElectionId": null,
        "maxSetVersion": null,
        "servers": {
            "localhost:27017": {
                "$clusterTime": null,
                "address": "localhost:27017",
                "arbiters": [],
                "electionId": null,
                "error": {
                    "beforeHandshake": false,
                    "errorLabelSet": {}
                },
                "hosts": [],
                "iscryptd": false,
                "lastUpdateTime": 217038069,
                "lastWriteDate": 0,
                "logicalSessionTimeoutMinutes": null,
                "maxBsonObjectSize": null,
                "maxMessageSizeBytes": null,
                "maxWireVersion": 0,
                "maxWriteBatchSize": null,
                "me": null,
                "minRoundTripTime": 0,
                "minWireVersion": 0,
                "passives": [],
                "primary": null,
                "roundTripTime": -1,
                "setName": null,
                "setVersion": null,
                "tags": {},
                "topologyVersion": null,
                "type": "Unknown"
            }
        },
        "setName": null,
        "stale": false,
        "type": "Unknown"
    },
    "stack": "MongooseServerSelectionError: connect ECONNREFUSED ::1:27017, connect ECONNREFUSED 127.0.0.1:27017\n    at _handleConnectionErrors (C:\\Users\\User\\documents\\pdfAnnotatorApi\\node_modules\\mongoose\\lib\\connection.js:1165:11)\n    at NativeConnection.openUri (C:\\Users\\User\\documents\\pdfAnnotatorApi\\node_modules\\mongoose\\lib\\connection.js:1096:11)",
    "timestamp": "2025-05-12 21:19:12"
}

{
    "level": "info",
    "message": "Server running on port 3000",
    "timestamp": "2025-05-12 21:37:54"
}

{
    "code": "ESERVFAIL",
    "hostname": "_mongodb._tcp.cluster0.8dd706b.mongodb.net",
    "level": "error",
    "message": "MongoDB connection error: querySrv ESERVFAIL _mongodb._tcp.cluster0.8dd706b.mongodb.net",
    "stack": "Error: querySrv ESERVFAIL _mongodb._tcp.cluster0.8dd706b.mongodb.net\n    at QueryReqWrap.onresolve [as oncomplete] (node:internal/dns/promises:275:17)",
    "syscall": "querySrv",
    "timestamp": "2025-05-12 21:37:55"
}

{
    "level": "info",
    "message": "Server running on port 3000",
    "timestamp": "2025-05-12 21:41:49"
}

{
    "level": "info",
    "message": "Connected to MongoDB",
    "timestamp": "2025-05-12 21:42:50"
}

{
    "level": "info",
    "message": "Server running on port 3000",
    "timestamp": "2025-05-12 21:53:40"
}

{
    "level": "info",
    "message": "Connected to MongoDB",
    "timestamp": "2025-05-12 21:54:12"
}

{
    "level": "info",
    "message": "Server running on port 3000",
    "timestamp": "2025-05-12 21:57:20"
}

{
    "code": "ESERVFAIL",
    "hostname": "_mongodb._tcp.cluster0.8dd706b.mongodb.net",
    "level": "error",
    "message": "MongoDB connection error: querySrv ESERVFAIL _mongodb._tcp.cluster0.8dd706b.mongodb.net",
    "stack": "Error: querySrv ESERVFAIL _mongodb._tcp.cluster0.8dd706b.mongodb.net\n    at QueryReqWrap.onresolve [as oncomplete] (node:internal/dns/promises:275:17)",
    "syscall": "querySrv",
    "timestamp": "2025-05-12 21:57:21"
}

{
    "level": "info",
    "message": "Server running on port 3000",
    "timestamp": "2025-05-12 21:58:17"
}

{
    "code": "ESERVFAIL",
    "hostname": "_mongodb._tcp.cluster0.8dd706b.mongodb.net",
    "level": "error",
    "message": "MongoDB connection error: querySrv ESERVFAIL _mongodb._tcp.cluster0.8dd706b.mongodb.net",
    "stack": "Error: querySrv ESERVFAIL _mongodb._tcp.cluster0.8dd706b.mongodb.net\n    at QueryReqWrap.onresolve [as oncomplete] (node:internal/dns/promises:275:17)",
    "syscall": "querySrv",
    "timestamp": "2025-05-12 21:58:17"
}

{
    "level": "info",
    "message": "Server running on port 3000",
    "timestamp": "2025-05-12 22:02:11"
}

{
    "level": "info",
    "message": "Connected to MongoDB",
    "timestamp": "2025-05-12 22:02:17"
}

{
    "level": "info",
    "message": "Server running on port 3000",
    "timestamp": "2025-05-12 22:02:30"
}

{
    "level": "info",
    "message": "Connected to MongoDB",
    "timestamp": "2025-05-12 22:02:35"
}

{
    "level": "info",
    "message": "Server running on port 3000",
    "timestamp": "2025-05-12 22:03:09"
}

{
    "level": "info",
    "message": "Connected to MongoDB",
    "timestamp": "2025-05-12 22:03:13"
}

{
    "level": "info",
    "message": "Server running on port 3000",
    "timestamp": "2025-05-12 22:03:57"
}

{
    "level": "info",
    "message": "Connected to MongoDB",
    "timestamp": "2025-05-12 22:04:24"
}

{
    "level": "info",
    "message": "Server running on port 3000",
    "timestamp": "2025-05-12 22:04:49"
}

{
    "level": "info",
    "message": "Connected to MongoDB",
    "timestamp": "2025-05-12 22:05:18"
}

{
    "level": "info",
    "message": "Server running on port 3000",
    "timestamp": "2025-05-12 22:05:39"
}

{
    "level": "info",
    "message": "Connected to MongoDB",
    "timestamp": "2025-05-12 22:05:48"
}

{
    "level": "info",
    "message": "Server running on port 3000",
    "timestamp": "2025-05-12 22:11:00"
}

{
    "level": "info",
    "message": "Connected to MongoDB",
    "timestamp": "2025-05-12 22:11:32"
}

{
    "level": "info",
    "message": "Server running on port 3000",
    "timestamp": "2025-05-12 22:16:06"
}

{
    "code": "ESERVFAIL",
    "hostname": "_mongodb._tcp.cluster0.8dd706b.mongodb.net",
    "level": "error",
    "message": "MongoDB connection error: querySrv ESERVFAIL _mongodb._tcp.cluster0.8dd706b.mongodb.net",
    "stack": "Error: querySrv ESERVFAIL _mongodb._tcp.cluster0.8dd706b.mongodb.net\n    at QueryReqWrap.onresolve [as oncomplete] (node:internal/dns/promises:275:17)",
    "syscall": "querySrv",
    "timestamp": "2025-05-12 22:16:06"
}

{
    "level": "info",
    "message": "Server running on port 3000",
    "timestamp": "2025-05-12 22:17:02"
}

{
    "level": "info",
    "message": "Connected to MongoDB",
    "timestamp": "2025-05-12 22:17:05"
}

{
    "level": "info",
    "message": "Server running on port 3000",
    "timestamp": "2025-05-12 22:18:14"
}

{
    "code": "ESERVFAIL",
    "hostname": "_mongodb._tcp.cluster0.8dd706b.mongodb.net",
    "level": "error",
    "message": "MongoDB connection error: querySrv ESERVFAIL _mongodb._tcp.cluster0.8dd706b.mongodb.net",
    "stack": "Error: querySrv ESERVFAIL _mongodb._tcp.cluster0.8dd706b.mongodb.net\n    at QueryReqWrap.onresolve [as oncomplete] (node:internal/dns/promises:275:17)",
    "syscall": "querySrv",
    "timestamp": "2025-05-12 22:18:14"
}

{
    "level": "info",
    "message": "Server running on port 3000",
    "timestamp": "2025-05-12 22:19:13"
}

{
    "code": "ESERVFAIL",
    "hostname": "_mongodb._tcp.cluster0.8dd706b.mongodb.net",
    "level": "error",
    "message": "MongoDB connection error: querySrv ESERVFAIL _mongodb._tcp.cluster0.8dd706b.mongodb.net",
    "stack": "Error: querySrv ESERVFAIL _mongodb._tcp.cluster0.8dd706b.mongodb.net\n    at QueryReqWrap.onresolve [as oncomplete] (node:internal/dns/promises:275:17)",
    "syscall": "querySrv",
    "timestamp": "2025-05-12 22:19:13"
}

{
    "level": "info",
    "message": "Server running on port 3000",
    "timestamp": "2025-05-12 22:20:46"
}

{
    "code": "ESERVFAIL",
    "hostname": "_mongodb._tcp.cluster0.8dd706b.mongodb.net",
    "level": "error",
    "message": "MongoDB connection error: querySrv ESERVFAIL _mongodb._tcp.cluster0.8dd706b.mongodb.net",
    "stack": "Error: querySrv ESERVFAIL _mongodb._tcp.cluster0.8dd706b.mongodb.net\n    at QueryReqWrap.onresolve [as oncomplete] (node:internal/dns/promises:275:17)",
    "syscall": "querySrv",
    "timestamp": "2025-05-12 22:20:46"
}

{
    "level": "info",
    "message": "Server running on port 3000",
    "timestamp": "2025-05-12 22:25:33"
}

{
    "code": "ESERVFAIL",
    "hostname": "cluster0.8dd706b.mongodb.net",
    "level": "error",
    "message": "MongoDB connection error: queryTxt ESERVFAIL cluster0.8dd706b.mongodb.net",
    "stack": "Error: queryTxt ESERVFAIL cluster0.8dd706b.mongodb.net\n    at QueryReqWrap.onresolve [as oncomplete] (node:internal/dns/promises:275:17)",
    "syscall": "queryTxt",
    "timestamp": "2025-05-12 22:25:36"
}

{
    "level": "info",
    "message": "Server running on port 3000",
    "timestamp": "2025-05-12 22:44:13"
}

{
    "code": "ESERVFAIL",
    "hostname": "_mongodb._tcp.cluster0.8dd706b.mongodb.net",
    "level": "error",
    "message": "MongoDB connection error: querySrv ESERVFAIL _mongodb._tcp.cluster0.8dd706b.mongodb.net",
    "stack": "Error: querySrv ESERVFAIL _mongodb._tcp.cluster0.8dd706b.mongodb.net\n    at QueryReqWrap.onresolve [as oncomplete] (node:internal/dns/promises:275:17)",
    "syscall": "querySrv",
    "timestamp": "2025-05-12 22:44:13"
}

{
    "level": "info",
    "message": "Server running on port 3000",
    "timestamp": "2025-05-12 22:47:33"
}

{
    "code": "ESERVFAIL",
    "hostname": "_mongodb._tcp.cluster0.8dd706b.mongodb.net",
    "level": "error",
    "message": "MongoDB connection error: querySrv ESERVFAIL _mongodb._tcp.cluster0.8dd706b.mongodb.net",
    "stack": "Error: querySrv ESERVFAIL _mongodb._tcp.cluster0.8dd706b.mongodb.net\n    at QueryReqWrap.onresolve [as oncomplete] (node:internal/dns/promises:275:17)",
    "syscall": "querySrv",
    "timestamp": "2025-05-12 22:47:33"
}

{
    "level": "info",
    "message": "Server running on port 3000",
    "timestamp": "2025-05-12 22:50:01"
}

{
    "code": "ESERVFAIL",
    "hostname": "_mongodb._tcp.cluster0.8dd706b.mongodb.net",
    "level": "error",
    "message": "MongoDB connection error: querySrv ESERVFAIL _mongodb._tcp.cluster0.8dd706b.mongodb.net",
    "stack": "Error: querySrv ESERVFAIL _mongodb._tcp.cluster0.8dd706b.mongodb.net\n    at QueryReqWrap.onresolve [as oncomplete] (node:internal/dns/promises:275:17)",
    "syscall": "querySrv",
    "timestamp": "2025-05-12 22:50:01"
}

{
    "level": "info",
    "message": "Server running on port 3000",
    "timestamp": "2025-05-12 22:54:20"
}

{
    "code": "ESERVFAIL",
    "hostname": "_mongodb._tcp.cluster0.8dd706b.mongodb.net",
    "level": "error",
    "message": "MongoDB connection error: querySrv ESERVFAIL _mongodb._tcp.cluster0.8dd706b.mongodb.net",
    "stack": "Error: querySrv ESERVFAIL _mongodb._tcp.cluster0.8dd706b.mongodb.net\n    at QueryReqWrap.onresolve [as oncomplete] (node:internal/dns/promises:275:17)",
    "syscall": "querySrv",
    "timestamp": "2025-05-12 22:54:21"
}

{
    "level": "info",
    "message": "Server running on port 3000",
    "timestamp": "2025-05-12 22:55:21"
}

{
    "code": "ESERVFAIL",
    "hostname": "_mongodb._tcp.cluster0.8dd706b.mongodb.net",
    "level": "error",
    "message": "MongoDB connection error: querySrv ESERVFAIL _mongodb._tcp.cluster0.8dd706b.mongodb.net",
    "stack": "Error: querySrv ESERVFAIL _mongodb._tcp.cluster0.8dd706b.mongodb.net\n    at QueryReqWrap.onresolve [as oncomplete] (node:internal/dns/promises:275:17)",
    "syscall": "querySrv",
    "timestamp": "2025-05-12 22:55:21"
}

{
    "level": "info",
    "message": "Server running on port 3000",
    "timestamp": "2025-05-12 22:59:43"
}

{
    "code": "ESERVFAIL",
    "hostname": "_mongodb._tcp.cluster0.8dd706b.mongodb.net",
    "level": "error",
    "message": "MongoDB connection error: querySrv ESERVFAIL _mongodb._tcp.cluster0.8dd706b.mongodb.net",
    "stack": "Error: querySrv ESERVFAIL _mongodb._tcp.cluster0.8dd706b.mongodb.net\n    at QueryReqWrap.onresolve [as oncomplete] (node:internal/dns/promises:275:17)",
    "syscall": "querySrv",
    "timestamp": "2025-05-12 22:59:44"
}

{
    "level": "info",
    "message": "Server running on port 3000",
    "timestamp": "2025-05-12 23:19:03"
}

{
    "code": "ESERVFAIL",
    "hostname": "_mongodb._tcp.cluster0.8dd706b.mongodb.net",
    "level": "error",
    "message": "MongoDB connection error: querySrv ESERVFAIL _mongodb._tcp.cluster0.8dd706b.mongodb.net",
    "stack": "Error: querySrv ESERVFAIL _mongodb._tcp.cluster0.8dd706b.mongodb.net\n    at QueryReqWrap.onresolve [as oncomplete] (node:internal/dns/promises:275:17)",
    "syscall": "querySrv",
    "timestamp": "2025-05-12 23:19:04"
}

{
    "level": "info",
    "message": "Server running on port 3000",
    "timestamp": "2025-05-12 23:23:58"
}

{
    "beforeHandshake": true,
    "connectionGeneration": 0,
    "errorLabelSet": {},
    "level": "error",
    "message": "MongoDB connection error: connection 1 to 65.62.4.91:27017 timed out",
    "stack": "MongoNetworkTimeoutError: connection 1 to 65.62.4.91:27017 timed out\n    at Timeout._onTimeout (C:\\Users\\User\\documents\\pdfAnnotatorApi\\node_modules\\mongodb\\src\\cmap\\connection.ts:320:20)\n    at listOnTimeout (node:internal/timers:573:17)\n    at processTimers (node:internal/timers:514:7)",
    "timestamp": "2025-05-12 23:25:02"
}

{
    "level": "info",
    "message": "Server running on port 3000",
    "timestamp": "2025-05-12 23:25:49"
}

{
    "level": "info",
    "message": "Connected to MongoDB",
    "timestamp": "2025-05-12 23:25:54"
}

{
    "level": "info",
    "message": "Server running on port 3000",
    "timestamp": "2025-05-12 23:26:59"
}

{
    "level": "info",
    "message": "Connected to MongoDB",
    "timestamp": "2025-05-12 23:27:14"
}

{
    "level": "info",
    "message": "Server running on port 3000",
    "timestamp": "2025-05-12 23:27:44"
}

{
    "level": "info",
    "message": "Connected to MongoDB",
    "timestamp": "2025-05-12 23:28:04"
}

{
    "level": "info",
    "message": "Server running on port 3000",
    "timestamp": "2025-05-12 23:33:37"
}

{
    "code": "ESERVFAIL",
    "hostname": "_mongodb._tcp.cluster0.8dd706b.mongodb.net",
    "level": "error",
    "message": "MongoDB connection error: querySrv ESERVFAIL _mongodb._tcp.cluster0.8dd706b.mongodb.net",
    "stack": "Error: querySrv ESERVFAIL _mongodb._tcp.cluster0.8dd706b.mongodb.net\n    at QueryReqWrap.onresolve [as oncomplete] (node:internal/dns/promises:275:17)",
    "syscall": "querySrv",
    "timestamp": "2025-05-12 23:33:37"
}

{
    "level": "info",
    "message": "Server running on port 3000",
    "timestamp": "2025-05-12 23:35:38"
}

{
    "code": "ESERVFAIL",
    "hostname": "_mongodb._tcp.cluster0.8dd706b.mongodb.net",
    "level": "error",
    "message": "MongoDB connection error: querySrv ESERVFAIL _mongodb._tcp.cluster0.8dd706b.mongodb.net",
    "stack": "Error: querySrv ESERVFAIL _mongodb._tcp.cluster0.8dd706b.mongodb.net\n    at QueryReqWrap.onresolve [as oncomplete] (node:internal/dns/promises:275:17)",
    "syscall": "querySrv",
    "timestamp": "2025-05-12 23:35:38"
}

{
    "level": "info",
    "message": "Server running on port 3000",
    "timestamp": "2025-05-12 23:36:04"
}

{
    "code": "ESERVFAIL",
    "hostname": "_mongodb._tcp.cluster0.8dd706b.mongodb.net",
    "level": "error",
    "message": "MongoDB connection error: querySrv ESERVFAIL _mongodb._tcp.cluster0.8dd706b.mongodb.net",
    "stack": "Error: querySrv ESERVFAIL _mongodb._tcp.cluster0.8dd706b.mongodb.net\n    at QueryReqWrap.onresolve [as oncomplete] (node:internal/dns/promises:275:17)",
    "syscall": "querySrv",
    "timestamp": "2025-05-12 23:36:04"
}

{
    "level": "info",
    "message": "Server running on port 3000",
    "timestamp": "2025-05-12 23:36:27"
}

{
    "level": "info",
    "message": "Connected to MongoDB",
    "timestamp": "2025-05-12 23:36:31"
}

{
    "level": "info",
    "message": "Server running on port 3000",
    "timestamp": "2025-05-12 23:36:53"
}

{
    "level": "info",
    "message": "Connected to MongoDB",
    "timestamp": "2025-05-12 23:36:56"
}

{
    "level": "info",
    "message": "Server running on port 3000",
    "timestamp": "2025-05-12 23:37:26"
}

{
    "code": "ESERVFAIL",
    "hostname": "_mongodb._tcp.cluster0.8dd706b.mongodb.net",
    "level": "error",
    "message": "MongoDB connection error: querySrv ESERVFAIL _mongodb._tcp.cluster0.8dd706b.mongodb.net",
    "stack": "Error: querySrv ESERVFAIL _mongodb._tcp.cluster0.8dd706b.mongodb.net\n    at QueryReqWrap.onresolve [as oncomplete] (node:internal/dns/promises:275:17)",
    "syscall": "querySrv",
    "timestamp": "2025-05-12 23:37:26"
}

{
    "level": "info",
    "message": "Server running on port 3000",
    "timestamp": "2025-05-12 23:43:54"
}

{
    "code": "ESERVFAIL",
    "hostname": "_mongodb._tcp.cluster0.8dd706b.mongodb.net",
    "level": "error",
    "message": "MongoDB connection error: querySrv ESERVFAIL _mongodb._tcp.cluster0.8dd706b.mongodb.net",
    "stack": "Error: querySrv ESERVFAIL _mongodb._tcp.cluster0.8dd706b.mongodb.net\n    at QueryReqWrap.onresolve [as oncomplete] (node:internal/dns/promises:275:17)",
    "syscall": "querySrv",
    "timestamp": "2025-05-12 23:43:54"
}

{
    "level": "info",
    "message": "Server running on port 3000",
    "timestamp": "2025-05-12 23:45:27"
}

{
    "code": "ESERVFAIL",
    "hostname": "_mongodb._tcp.cluster0.8dd706b.mongodb.net",
    "level": "error",
    "message": "MongoDB connection error: querySrv ESERVFAIL _mongodb._tcp.cluster0.8dd706b.mongodb.net",
    "stack": "Error: querySrv ESERVFAIL _mongodb._tcp.cluster0.8dd706b.mongodb.net\n    at QueryReqWrap.onresolve [as oncomplete] (node:internal/dns/promises:275:17)",
    "syscall": "querySrv",
    "timestamp": "2025-05-12 23:45:27"
}

{
    "level": "info",
    "message": "Server running on port 3000",
    "timestamp": "2025-05-13 02:46:38"
}

{
    "level": "info",
    "message": "Connected to MongoDB",
    "timestamp": "2025-05-13 02:46:59"
}

{
    "level": "info",
    "message": "Server running on port 3000",
    "timestamp": "2025-05-13 02:57:11"
}

{
    "level": "info",
    "message": "Connected to MongoDB",
    "timestamp": "2025-05-13 02:57:44"
}

{
    "level": "info",
    "message": "Server running on port 3000",
    "timestamp": "2025-05-13 03:05:37"
}

{
    "level": "info",
    "message": "Connected to MongoDB",
    "timestamp": "2025-05-13 03:05:41"
}

{
    "level": "info",
    "message": "Server running on port 3000",
    "timestamp": "2025-05-13 03:06:30"
}

{
    "level": "info",
    "message": "Connected to MongoDB",
    "timestamp": "2025-05-13 03:06:32"
}

{
    "level": "info",
    "message": "Server running on port 3000",
    "timestamp": "2025-05-13 03:07:40"
}

{
    "level": "info",
    "message": "Connected to MongoDB",
    "timestamp": "2025-05-13 03:07:42"
}

{
    "level": "info",
    "message": "Server running on port 3000",
    "timestamp": "2025-05-13 03:08:03"
}

{
    "level": "info",
    "message": "Connected to MongoDB",
    "timestamp": "2025-05-13 03:08:04"
}

{
    "level": "info",
    "message": "Server running on port 3000",
    "timestamp": "2025-05-13 03:08:45"
}

{
    "level": "info",
    "message": "Connected to MongoDB",
    "timestamp": "2025-05-13 03:08:48"
}

{
    "level": "info",
    "message": "Server running on port 3000",
    "timestamp": "2025-05-13 03:12:41"
}

{
    "level": "info",
    "message": "Connected to MongoDB",
    "timestamp": "2025-05-13 03:12:45"
}

{
    "level": "info",
    "message": "Server running on port 3000",
    "timestamp": "2025-05-13 03:14:20"
}

{
    "level": "info",
    "message": "Connected to MongoDB",
    "timestamp": "2025-05-13 03:14:22"
}

{
    "level": "info",
    "message": "Server running on port 3000",
    "timestamp": "2025-05-13 03:23:59"
}

{
    "level": "info",
    "message": "Connected to MongoDB",
    "timestamp": "2025-05-13 03:24:24"
}

{
    "level": "info",
    "message": "Server running on port 3000",
    "timestamp": "2025-05-13 03:25:02"
}

{
    "level": "info",
    "message": "Connected to MongoDB",
    "timestamp": "2025-05-13 03:25:07"
}

{
    "level": "info",
    "message": "Server running on port 3000",
    "timestamp": "2025-05-13 03:26:20"
}

{
    "level": "info",
    "message": "Connected to MongoDB",
    "timestamp": "2025-05-13 03:26:22"
}

{
    "level": "info",
    "message": "Server running on port 3000",
    "timestamp": "2025-05-13 03:31:00"
}

{
    "level": "info",
    "message": "Connected to MongoDB",
    "timestamp": "2025-05-13 03:31:04"
}

{
    "level": "info",
    "message": "Server running on port 3000",
    "timestamp": "2025-05-13 03:32:58"
}

{
    "level": "info",
    "message": "Connected to MongoDB",
    "timestamp": "2025-05-13 03:33:02"
}

{
    "level": "info",
    "message": "Server running on port 3000",
    "timestamp": "2025-05-13 03:33:32"
}

{
    "level": "info",
    "message": "Connected to MongoDB",
    "timestamp": "2025-05-13 03:33:34"
}

{
    "level": "info",
    "message": "Server running on port 3000",
    "timestamp": "2025-05-13 10:26:45"
}

{
    "level": "info",
    "message": "Connected to MongoDB",
    "timestamp": "2025-05-13 10:26:53"
}
{"level":"info","message":"Server running on port 3000","timestamp":"2025-05-13 10:53:05"}
{"level":"info","message":"Connected to MongoDB","timestamp":"2025-05-13 10:53:26"}
{"level":"info","message":"Server running on port 3000","timestamp":"2025-05-13 10:56:32"}
{"level":"info","message":"Server running on port 3000","timestamp":"2025-05-13 10:56:59"}
{"level":"info","message":"Server running on port 3000","timestamp":"2025-05-13 10:58:07"}
{"level":"info","message":"Connected to MongoDB","timestamp":"2025-05-13 10:58:17"}
{"level":"info","message":"Server running on port 3000","timestamp":"2025-05-13 10:59:05"}
{"level":"info","message":"Connected to MongoDB","timestamp":"2025-05-13 10:59:16"}
{"level":"info","message":"Server running on port 3000","timestamp":"2025-05-13 11:03:12"}
{"level":"info","message":"Connected to MongoDB","timestamp":"2025-05-13 11:03:33"}
{"level":"info","message":"Server running on port 3000","timestamp":"2025-05-13 11:13:50"}
{"level":"info","message":"Connected to MongoDB","timestamp":"2025-05-13 11:14:09"}
{"level":"info","message":"Server running on port 3000","timestamp":"2025-05-13 11:16:17"}
{"level":"info","message":"Connected to MongoDB","timestamp":"2025-05-13 11:17:35"}
{"level":"info","message":"Server running on port 3000","timestamp":"2025-05-13 11:19:23"}
{"level":"info","message":"Connected to MongoDB","timestamp":"2025-05-13 11:19:40"}
{"level":"info","message":"Server running on port 3000","timestamp":"2025-05-13 11:22:57"}
{"level":"info","message":"Connected to MongoDB","timestamp":"2025-05-13 11:23:01"}
{"level":"info","message":"Server running on port 3000","timestamp":"2025-05-13 13:28:29"}
{"level":"info","message":"Connected to MongoDB","timestamp":"2025-05-13 13:28:48"}
{"level":"info","message":"Server running on port 3000","timestamp":"2025-05-13 13:37:06"}
{"level":"info","message":"Connected to MongoDB","timestamp":"2025-05-13 13:37:43"}
{"level":"info","message":"Server running on port 3000","timestamp":"2025-05-13 14:10:30"}
{"level":"info","message":"Connected to MongoDB","timestamp":"2025-05-13 14:10:34"}
{"level":"info","message":"Server running on port 3000","timestamp":"2025-05-13 15:22:03"}
{"level":"info","message":"Connected to MongoDB","timestamp":"2025-05-13 15:22:05"}
{"level":"info","message":"Server running on port 3000","timestamp":"2025-05-13 15:24:31"}
{"level":"info","message":"Connected to MongoDB","timestamp":"2025-05-13 15:24:35"}
{"level":"info","message":"Server running on port 3000","timestamp":"2025-05-13 15:26:56"}
{"level":"info","message":"Connected to MongoDB","timestamp":"2025-05-13 15:27:00"}
{"level":"info","message":"Server running on port 3000","timestamp":"2025-05-13 15:32:31"}
{"level":"info","message":"Connected to MongoDB","timestamp":"2025-05-13 15:32:35"}
{"level":"info","message":"Server running on port 5000","timestamp":"2025-05-13 15:35:00"}
{"level":"info","message":"Connected to MongoDB","timestamp":"2025-05-13 15:35:05"}
{"level":"info","message":"Server running on port 5000","timestamp":"2025-05-13 15:36:35"}
{"level":"info","message":"Connected to MongoDB","timestamp":"2025-05-13 15:36:40"}
{"level":"info","message":"Server running on port 5000","timestamp":"2025-05-13 21:28:49"}
{"code":"ESERVFAIL","hostname":"_mongodb._tcp.cluster0.8dd706b.mongodb.net","level":"error","message":"MongoDB connection error: querySrv ESERVFAIL _mongodb._tcp.cluster0.8dd706b.mongodb.net","stack":"Error: querySrv ESERVFAIL _mongodb._tcp.cluster0.8dd706b.mongodb.net\n    at QueryReqWrap.onresolve [as oncomplete] (node:internal/dns/promises:275:17)","syscall":"querySrv","timestamp":"2025-05-13 21:28:55"}
{"level":"info","message":"Server running on port 5000","timestamp":"2025-05-13 21:31:37"}
{"level":"info","message":"Connected to MongoDB","timestamp":"2025-05-13 21:32:03"}
{"level":"info","message":"Server running on port 5000","timestamp":"2025-05-13 21:42:46"}
{"level":"info","message":"Connected to MongoDB","timestamp":"2025-05-13 21:42:50"}
{"level":"info","message":"Server running on port 5000","timestamp":"2025-05-13 22:46:41"}
{"level":"info","message":"Connected to MongoDB","timestamp":"2025-05-13 22:46:59"}
{"level":"info","message":"Server running on port 5000","timestamp":"2025-05-13 22:54:58"}
{"level":"info","message":"Connected to MongoDB","timestamp":"2025-05-13 22:55:11"}
{"level":"info","message":"Server running on port 5000","timestamp":"2025-05-13 23:02:55"}
{"code":"ESERVFAIL","hostname":"_mongodb._tcp.cluster0.8dd706b.mongodb.net","level":"error","message":"MongoDB connection error: querySrv ESERVFAIL _mongodb._tcp.cluster0.8dd706b.mongodb.net","stack":"Error: querySrv ESERVFAIL _mongodb._tcp.cluster0.8dd706b.mongodb.net\n    at QueryReqWrap.onresolve [as oncomplete] (node:internal/dns/promises:275:17)","syscall":"querySrv","timestamp":"2025-05-13 23:02:55"}
{"level":"info","message":"Server running on port 5000","timestamp":"2025-05-13 23:06:21"}
{"level":"info","message":"Connected to MongoDB","timestamp":"2025-05-13 23:06:26"}
{"level":"info","message":"Server running on port 5000","timestamp":"2025-05-13 23:08:13"}
{"code":"ESERVFAIL","hostname":"_mongodb._tcp.cluster0.8dd706b.mongodb.net","level":"error","message":"MongoDB connection error: querySrv ESERVFAIL _mongodb._tcp.cluster0.8dd706b.mongodb.net","stack":"Error: querySrv ESERVFAIL _mongodb._tcp.cluster0.8dd706b.mongodb.net\n    at QueryReqWrap.onresolve [as oncomplete] (node:internal/dns/promises:275:17)","syscall":"querySrv","timestamp":"2025-05-13 23:08:14"}
